# Logfile created on 2014-09-05 01:30:33 +0500 by logger.rb/44203
I, [2014-09-05T01:30:33.654328 #19212]  INFO -- : 0:  rake (10.3.2) from /Users/usman/.rvm/gems/ruby-2.1.0/specifications/rake-10.3.2.gemspec
I, [2014-09-05T01:30:33.655180 #19212]  INFO -- : 0:  i18n (0.6.11) from /Users/usman/.rvm/gems/ruby-2.1.0/specifications/i18n-0.6.11.gemspec
I, [2014-09-05T01:30:33.655689 #19212]  INFO -- : 0:  json (1.8.1) from /Users/usman/.rvm/rubies/ruby-2.1.0/lib/ruby/gems/2.1.0/specifications/default/json-1.8.1.gemspec
I, [2014-09-05T01:30:33.656164 #19212]  INFO -- : 0:  minitest (5.4.0) from /Users/usman/.rvm/gems/ruby-2.1.0/specifications/minitest-5.4.0.gemspec
I, [2014-09-05T01:30:33.656681 #19212]  INFO -- : 0:  thread_safe (0.3.4) from /Users/usman/.rvm/gems/ruby-2.1.0/specifications/thread_safe-0.3.4.gemspec
I, [2014-09-05T01:30:39.441692 #19212]  INFO -- : 0:  tzinfo (1.2.2) from /Users/usman/.rvm/gems/ruby-2.1.0/specifications/tzinfo-1.2.2.gemspec
I, [2014-09-05T01:30:44.681731 #19212]  INFO -- : 0:  activesupport (4.1.4) from /Users/usman/.rvm/gems/ruby-2.1.0/specifications/activesupport-4.1.4.gemspec
I, [2014-09-05T01:30:44.682315 #19212]  INFO -- : 0:  builder (3.2.2) from /Users/usman/.rvm/gems/ruby-2.1.0/specifications/builder-3.2.2.gemspec
I, [2014-09-05T01:30:44.682642 #19212]  INFO -- : 0:  erubis (2.7.0) from /Users/usman/.rvm/gems/ruby-2.1.0/specifications/erubis-2.7.0.gemspec
I, [2014-09-05T01:30:49.937914 #19212]  INFO -- : 0:  actionview (4.1.4) from /Users/usman/.rvm/gems/ruby-2.1.0/specifications/actionview-4.1.4.gemspec
I, [2014-09-05T01:30:49.938559 #19212]  INFO -- : 0:  rack (1.5.2) from /Users/usman/.rvm/gems/ruby-2.1.0/specifications/rack-1.5.2.gemspec
I, [2014-09-05T01:30:49.939020 #19212]  INFO -- : 0:  rack-test (0.6.2) from /Users/usman/.rvm/gems/ruby-2.1.0/specifications/rack-test-0.6.2.gemspec
I, [2014-09-05T01:30:57.491262 #19212]  INFO -- : 0:  actionpack (4.1.4) from /Users/usman/.rvm/gems/ruby-2.1.0/specifications/actionpack-4.1.4.gemspec
I, [2014-09-05T01:30:57.492603 #19212]  INFO -- : 0:  mime-types (1.25.1) from /Users/usman/.rvm/gems/ruby-2.1.0/specifications/mime-types-1.25.1.gemspec
I, [2014-09-05T01:30:57.492942 #19212]  INFO -- : 0:  polyglot (0.3.5) from /Users/usman/.rvm/gems/ruby-2.1.0/specifications/polyglot-0.3.5.gemspec
I, [2014-09-05T01:30:57.493274 #19212]  INFO -- : 0:  treetop (1.4.15) from /Users/usman/.rvm/gems/ruby-2.1.0/specifications/treetop-1.4.15.gemspec
I, [2014-09-05T01:30:57.493598 #19212]  INFO -- : 0:  mail (2.5.4) from /Users/usman/.rvm/gems/ruby-2.1.0/specifications/mail-2.5.4.gemspec
I, [2014-09-05T01:31:00.257575 #19212]  INFO -- : 0:  actionmailer (4.1.4) from /Users/usman/.rvm/gems/ruby-2.1.0/specifications/actionmailer-4.1.4.gemspec
I, [2014-09-05T01:31:04.000213 #19212]  INFO -- : 0:  arbre (1.0.2) from /Users/usman/.rvm/gems/ruby-2.1.0/specifications/arbre-1.0.2.gemspec
I, [2014-09-05T01:31:04.000822 #19212]  INFO -- : 0:  sass (3.2.19) from /Users/usman/.rvm/gems/ruby-2.1.0/specifications/sass-3.2.19.gemspec
I, [2014-09-05T01:31:04.001250 #19212]  INFO -- : 0:  thor (0.19.1) from /Users/usman/.rvm/gems/ruby-2.1.0/specifications/thor-0.19.1.gemspec
I, [2014-09-05T01:31:08.137067 #19212]  INFO -- : 0:  bourbon (3.2.3) from /Users/usman/.rvm/gems/ruby-2.1.0/specifications/bourbon-3.2.3.gemspec
I, [2014-09-05T01:31:08.137680 #19212]  INFO -- : 0:  coffee-script-source (1.7.1) from /Users/usman/.rvm/gems/ruby-2.1.0/specifications/coffee-script-source-1.7.1.gemspec
I, [2014-09-05T01:31:08.137999 #19212]  INFO -- : 0:  execjs (2.2.1) from /Users/usman/.rvm/gems/ruby-2.1.0/specifications/execjs-2.2.1.gemspec
I, [2014-09-05T01:31:08.138335 #19212]  INFO -- : 0:  coffee-script (2.3.0) from /Users/usman/.rvm/gems/ruby-2.1.0/specifications/coffee-script-2.3.0.gemspec
I, [2014-09-05T01:31:16.348133 #19212]  INFO -- : 0:  railties (4.1.4) from /Users/usman/.rvm/gems/ruby-2.1.0/specifications/railties-4.1.4.gemspec
I, [2014-09-05T01:31:16.348790 #19212]  INFO -- : 0:  coffee-rails (4.0.1) from /Users/usman/.rvm/gems/ruby-2.1.0/specifications/coffee-rails-4.0.1.gemspec
I, [2014-09-05T01:31:19.846160 #19212]  INFO -- : 0:  formtastic (2.3.0) from /Users/usman/.rvm/gems/ruby-2.1.0/specifications/formtastic-2.3.0.gemspec
I, [2014-09-05T01:31:22.354846 #19212]  INFO -- : 0:  has_scope (0.6.0.rc) from /Users/usman/.rvm/gems/ruby-2.1.0/specifications/has_scope-0.6.0.rc.gemspec
I, [2014-09-05T01:31:25.078219 #19212]  INFO -- : 0:  responders (1.0.0) from /Users/usman/.rvm/gems/ruby-2.1.0/specifications/responders-1.0.0.gemspec
I, [2014-09-05T01:31:28.114377 #19212]  INFO -- : 0:  inherited_resources (1.4.1) from /Users/usman/.rvm/gems/ruby-2.1.0/specifications/inherited_resources-1.4.1.gemspec
I, [2014-09-05T01:31:28.114852 #19212]  INFO -- : 0:  jquery-rails (3.1.1) from /Users/usman/.rvm/gems/ruby-2.1.0/specifications/jquery-rails-3.1.1.gemspec
I, [2014-09-05T01:31:32.882512 #19212]  INFO -- : 0:  jquery-ui-rails (5.0.0) from /Users/usman/.rvm/gems/ruby-2.1.0/specifications/jquery-ui-rails-5.0.0.gemspec
I, [2014-09-05T01:31:32.883078 #19212]  INFO -- : 0:  kaminari (0.16.1) from /Users/usman/.rvm/gems/ruby-2.1.0/specifications/kaminari-0.16.1.gemspec
I, [2014-09-05T01:31:36.954589 #19212]  INFO -- : 0:  activemodel (4.1.4) from /Users/usman/.rvm/gems/ruby-2.1.0/specifications/activemodel-4.1.4.gemspec
I, [2014-09-05T01:31:36.955196 #19212]  INFO -- : 0:  arel (5.0.1.20140414130214) from /Users/usman/.rvm/gems/ruby-2.1.0/specifications/arel-5.0.1.20140414130214.gemspec
I, [2014-09-05T01:31:44.245520 #19212]  INFO -- : 0:  activerecord (4.1.4) from /Users/usman/.rvm/gems/ruby-2.1.0/specifications/activerecord-4.1.4.gemspec
I, [2014-09-05T01:31:44.245899 #19212]  INFO -- : 0:  bundler (1.5.1) from /Users/usman/.rvm/gems/ruby-2.1.0@global/specifications/bundler-1.5.1.gemspec
I, [2014-09-05T01:31:44.246226 #19212]  INFO -- : 0:  hike (1.2.3) from /Users/usman/.rvm/gems/ruby-2.1.0/specifications/hike-1.2.3.gemspec
I, [2014-09-05T01:31:44.246758 #19212]  INFO -- : 0:  multi_json (1.10.1) from /Users/usman/.rvm/gems/ruby-2.1.0/specifications/multi_json-1.10.1.gemspec
I, [2014-09-05T01:31:44.247184 #19212]  INFO -- : 0:  tilt (1.4.1) from /Users/usman/.rvm/gems/ruby-2.1.0/specifications/tilt-1.4.1.gemspec
I, [2014-09-05T01:31:44.247870 #19212]  INFO -- : 0:  sprockets (2.11.0) from /Users/usman/.rvm/gems/ruby-2.1.0/specifications/sprockets-2.11.0.gemspec
I, [2014-09-05T01:31:44.248896 #19212]  INFO -- : 0:  sprockets-rails (2.1.3) from /Users/usman/.rvm/gems/ruby-2.1.0/specifications/sprockets-rails-2.1.3.gemspec
I, [2014-09-05T01:32:00.782183 #19212]  INFO -- : 0:  rails (4.1.4) from /Users/usman/.rvm/gems/ruby-2.1.0/specifications/rails-4.1.4.gemspec
I, [2014-09-05T01:32:05.461693 #19212]  INFO -- : 0:  polyamorous (1.1.0) from /Users/usman/.rvm/gems/ruby-2.1.0/specifications/polyamorous-1.1.0.gemspec
I, [2014-09-05T01:32:09.575647 #19212]  INFO -- : 0:  ransack (1.3.0) from /Users/usman/.rvm/gems/ruby-2.1.0/specifications/ransack-1.3.0.gemspec
I, [2014-09-05T01:32:09.576047 #19212]  INFO -- : 0:  sass-rails (4.0.3) from /Users/usman/.rvm/gems/ruby-2.1.0/specifications/sass-rails-4.0.3.gemspec
I, [2014-09-05T01:32:10.154407 #19212]  INFO -- : 0:  activeadmin (1.0.0.pre) from /Users/usman/.rvm/gems/ruby-2.1.0/bundler/gems/active_admin-a3fc6ddf0198/activeadmin.gemspec
I, [2014-09-05T01:32:10.154888 #19212]  INFO -- : 0:  bcrypt (3.1.7) from /Users/usman/.rvm/gems/ruby-2.1.0/specifications/bcrypt-3.1.7.gemspec
I, [2014-09-05T01:32:10.232755 #19212]  INFO -- : 0:  bootstrap-datepicker-rails (1.3.0.2) from /Users/usman/.rvm/gems/ruby-2.1.0/bundler/gems/bootstrap-datepicker-rails-fb0700d19754/bootstrap-datepicker-rails.gemspec
I, [2014-09-05T01:32:12.784289 #19212]  INFO -- : 0:  bootstrap-modal-rails (2.2.5) from /Users/usman/.rvm/gems/ruby-2.1.0/specifications/bootstrap-modal-rails-2.2.5.gemspec
I, [2014-09-05T01:32:12.784793 #19212]  INFO -- : 0:  unicode_utils (1.4.0) from /Users/usman/.rvm/gems/ruby-2.1.0/specifications/unicode_utils-1.4.0.gemspec
I, [2014-09-05T01:32:20.765095 #19212]  INFO -- : 0:  carmen (1.0.1) from /Users/usman/.rvm/gems/ruby-2.1.0/specifications/carmen-1.0.1.gemspec
I, [2014-09-05T01:32:24.066136 #19212]  INFO -- : 0:  carmen-rails (1.0.1) from /Users/usman/.rvm/gems/ruby-2.1.0/specifications/carmen-rails-1.0.1.gemspec
I, [2014-09-05T01:32:24.066962 #19212]  INFO -- : 0:  carrierwave (0.10.0) from /Users/usman/.rvm/gems/ruby-2.1.0/specifications/carrierwave-0.10.0.gemspec
I, [2014-09-05T01:32:26.803316 #19212]  INFO -- : 0:  commonjs (0.2.7) from /Users/usman/.rvm/gems/ruby-2.1.0/specifications/commonjs-0.2.7.gemspec
I, [2014-09-05T01:32:26.803854 #19212]  INFO -- : 0:  orm_adapter (0.5.0) from /Users/usman/.rvm/gems/ruby-2.1.0/specifications/orm_adapter-0.5.0.gemspec
I, [2014-09-05T01:32:26.804192 #19212]  INFO -- : 0:  warden (1.2.3) from /Users/usman/.rvm/gems/ruby-2.1.0/specifications/warden-1.2.3.gemspec
I, [2014-09-05T01:32:32.198727 #19212]  INFO -- : 0:  devise (3.3.0) from /Users/usman/.rvm/gems/ruby-2.1.0/specifications/devise-3.3.0.gemspec
I, [2014-09-05T01:32:38.513353 #19212]  INFO -- : 0:  devise-bootstrap-views (0.0.3) from /Users/usman/.rvm/gems/ruby-2.1.0/specifications/devise-bootstrap-views-0.0.3.gemspec
I, [2014-09-05T01:32:47.142035 #19212]  INFO -- : 0:  excon (0.39.5) from /Users/usman/.rvm/gems/ruby-2.1.0/specifications/excon-0.39.5.gemspec
I, [2014-09-05T01:32:47.142571 #19212]  INFO -- : 0:  formatador (0.2.5) from /Users/usman/.rvm/gems/ruby-2.1.0/specifications/formatador-0.2.5.gemspec
I, [2014-09-05T01:32:47.143081 #19212]  INFO -- : 0:  net-ssh (2.9.1) from /Users/usman/.rvm/gems/ruby-2.1.0/specifications/net-ssh-2.9.1.gemspec
I, [2014-09-05T01:32:51.089523 #19212]  INFO -- : 0:  net-scp (1.2.1) from /Users/usman/.rvm/gems/ruby-2.1.0/specifications/net-scp-1.2.1.gemspec
I, [2014-09-05T01:32:55.434076 #19212]  INFO -- : 0:  fog-core (1.23.0) from /Users/usman/.rvm/gems/ruby-2.1.0/specifications/fog-core-1.23.0.gemspec
I, [2014-09-05T01:32:58.514686 #19212]  INFO -- : 0:  fog-json (1.0.0) from /Users/usman/.rvm/gems/ruby-2.1.0/specifications/fog-json-1.0.0.gemspec
I, [2014-09-05T01:33:01.855756 #19212]  INFO -- : 0:  inflecto (0.0.2) from /Users/usman/.rvm/gems/ruby-2.1.0/specifications/inflecto-0.0.2.gemspec
I, [2014-09-05T01:33:05.005954 #19212]  INFO -- : 0:  fog-brightbox (0.3.0) from /Users/usman/.rvm/gems/ruby-2.1.0/specifications/fog-brightbox-0.3.0.gemspec
I, [2014-09-05T01:33:09.002104 #19212]  INFO -- : 0:  fog-softlayer (0.3.14) from /Users/usman/.rvm/gems/ruby-2.1.0/specifications/fog-softlayer-0.3.14.gemspec
I, [2014-09-05T01:33:11.980806 #19212]  INFO -- : 0:  ipaddress (0.8.0) from /Users/usman/.rvm/gems/ruby-2.1.0/specifications/ipaddress-0.8.0.gemspec
I, [2014-09-05T01:33:11.981407 #19212]  INFO -- : 0:  mini_portile (0.6.0) from /Users/usman/.rvm/gems/ruby-2.1.0/specifications/mini_portile-0.6.0.gemspec
I, [2014-09-05T01:33:11.981942 #19212]  INFO -- : 0:  nokogiri (1.6.3.1) from /Users/usman/.rvm/gems/ruby-2.1.0/specifications/nokogiri-1.6.3.1.gemspec
I, [2014-09-05T01:33:25.343997 #19212]  INFO -- : 0:  fog (1.23.0) from /Users/usman/.rvm/gems/ruby-2.1.0/specifications/fog-1.23.0.gemspec
I, [2014-09-05T01:33:25.344539 #19212]  INFO -- : 0:  jbuilder (2.1.3) from /Users/usman/.rvm/gems/ruby-2.1.0/specifications/jbuilder-2.1.3.gemspec
I, [2014-09-05T01:33:25.621920 #19212]  INFO -- : 0:  jquery-datatables-rails (2.2.3) from /Users/usman/.rvm/gems/ruby-2.1.0/bundler/gems/jquery-datatables-rails-aac933586b4a/jquery-datatables-rails.gemspec
I, [2014-09-05T01:33:25.753373 #19212]  INFO -- : 0:  jquery-datatables-editable-rails (1.3) from /Users/usman/.rvm/gems/ruby-2.1.0/bundler/gems/jquery-datatables-editable-rails-60c65caa30e6/jquery-datatables-editable-rails.gemspec
I, [2014-09-05T01:33:59.443160 #19212]  INFO -- : 0:  less (2.5.1) from /Users/usman/.rvm/gems/ruby-2.1.0/specifications/less-2.5.1.gemspec
I, [2014-09-05T01:34:04.936029 #19212]  INFO -- : 0:  less-rails (2.5.0) from /Users/usman/.rvm/gems/ruby-2.1.0/specifications/less-rails-2.5.0.gemspec
I, [2014-09-05T01:34:04.936654 #19212]  INFO -- : 0:  libv8 (3.16.14.3) from /Users/usman/.rvm/gems/ruby-2.1.0/specifications/libv8-3.16.14.3-x86_64-darwin-12.gemspec
I, [2014-09-05T01:34:13.013824 #19212]  INFO -- : 0:  pg (0.17.1) from /Users/usman/.rvm/gems/ruby-2.1.0/specifications/pg-0.17.1.gemspec
I, [2014-09-05T01:34:13.014756 #19212]  INFO -- : 0:  rdoc (4.1.1) from /Users/usman/.rvm/gems/ruby-2.1.0/specifications/rdoc-4.1.1.gemspec
I, [2014-09-05T01:34:13.015074 #19212]  INFO -- : 0:  ref (1.0.5) from /Users/usman/.rvm/gems/ruby-2.1.0/specifications/ref-1.0.5.gemspec
I, [2014-09-05T01:37:15.376884 #19212]  INFO -- : 0:  rmagick (2.13.3) from /Users/usman/.rvm/gems/ruby-2.1.0/specifications/rmagick-2.13.3.gemspec
I, [2014-09-05T01:37:22.955917 #19212]  INFO -- : 0:  sdoc (0.4.1) from /Users/usman/.rvm/gems/ruby-2.1.0/specifications/sdoc-0.4.1.gemspec
I, [2014-09-05T01:37:22.956475 #19212]  INFO -- : 0:  spring (1.1.3) from /Users/usman/.rvm/gems/ruby-2.1.0/specifications/spring-1.1.3.gemspec
I, [2014-09-05T01:37:22.956833 #19212]  INFO -- : 0:  sqlite3 (1.3.9) from /Users/usman/.rvm/gems/ruby-2.1.0/specifications/sqlite3-1.3.9.gemspec
I, [2014-09-05T01:37:22.957195 #19212]  INFO -- : 0:  therubyracer (0.12.1) from /Users/usman/.rvm/gems/ruby-2.1.0/specifications/therubyracer-0.12.1.gemspec
I, [2014-09-05T01:37:22.957498 #19212]  INFO -- : 0:  turbolinks (2.2.2) from /Users/usman/.rvm/gems/ruby-2.1.0/specifications/turbolinks-2.2.2.gemspec
I, [2014-09-05T01:37:30.515036 #19212]  INFO -- : 0:  twitter-bootstrap-rails (3.2.0) from /Users/usman/.rvm/gems/ruby-2.1.0/specifications/twitter-bootstrap-rails-3.2.0.gemspec
I, [2014-09-05T01:37:30.515539 #19212]  INFO -- : 0:  uglifier (2.5.3) from /Users/usman/.rvm/gems/ruby-2.1.0/specifications/uglifier-2.5.3.gemspec
I, [2014-09-05T01:37:30.515875 #19212]  INFO -- : 0:  will_paginate (3.0.7) from /Users/usman/.rvm/gems/ruby-2.1.0/specifications/will_paginate-3.0.7.gemspec
